<?xml version="1.0" encoding="UTF-8"?>
<testsuite xmlns:xsi="http://www.w3.org/2001/XMLSchema-instance" xsi:noNamespaceSchemaLocation="https://maven.apache.org/surefire/maven-surefire-plugin/xsd/surefire-test-report-3.0.xsd" version="3.0" name="WorkerTest" time="0.004" tests="0" errors="0" skipped="0" failures="0">
  <properties>
    <property name="java.specification.version" value="23"/>
    <property name="sun.jnu.encoding" value="UTF-8"/>
    <property name="java.class.path" value="/Users/hagarsamimigolan/GitProject/Yuval&amp;Hagar/Worker/target/test-classes:/Users/hagarsamimigolan/GitProject/Yuval&amp;Hagar/Worker/target/classes:/Users/hagarsamimigolan/.m2/repository/org/apache/httpcomponents/httpclient/4.5.13/httpclient-4.5.13.jar:/Users/hagarsamimigolan/.m2/repository/org/apache/httpcomponents/httpcore/4.4.13/httpcore-4.4.13.jar:/Users/hagarsamimigolan/.m2/repository/commons-logging/commons-logging/1.2/commons-logging-1.2.jar:/Users/hagarsamimigolan/.m2/repository/commons-codec/commons-codec/1.11/commons-codec-1.11.jar:/Users/hagarsamimigolan/.m2/repository/software/amazon/awssdk/ec2/2.28.18/ec2-2.28.18.jar:/Users/hagarsamimigolan/.m2/repository/software/amazon/awssdk/aws-query-protocol/2.28.18/aws-query-protocol-2.28.18.jar:/Users/hagarsamimigolan/.m2/repository/software/amazon/awssdk/protocol-core/2.28.18/protocol-core-2.28.18.jar:/Users/hagarsamimigolan/.m2/repository/software/amazon/awssdk/http-auth-aws/2.28.18/http-auth-aws-2.28.18.jar:/Users/hagarsamimigolan/.m2/repository/software/amazon/awssdk/sdk-core/2.28.18/sdk-core-2.28.18.jar:/Users/hagarsamimigolan/.m2/repository/software/amazon/awssdk/retries/2.28.18/retries-2.28.18.jar:/Users/hagarsamimigolan/.m2/repository/org/slf4j/slf4j-api/1.7.36/slf4j-api-1.7.36.jar:/Users/hagarsamimigolan/.m2/repository/org/reactivestreams/reactive-streams/1.0.4/reactive-streams-1.0.4.jar:/Users/hagarsamimigolan/.m2/repository/software/amazon/awssdk/auth/2.28.18/auth-2.28.18.jar:/Users/hagarsamimigolan/.m2/repository/software/amazon/awssdk/http-auth-aws-eventstream/2.28.18/http-auth-aws-eventstream-2.28.18.jar:/Users/hagarsamimigolan/.m2/repository/software/amazon/eventstream/eventstream/1.0.1/eventstream-1.0.1.jar:/Users/hagarsamimigolan/.m2/repository/software/amazon/awssdk/http-auth-spi/2.28.18/http-auth-spi-2.28.18.jar:/Users/hagarsamimigolan/.m2/repository/software/amazon/awssdk/http-auth/2.28.18/http-auth-2.28.18.jar:/Users/hagarsamimigolan/.m2/repository/software/amazon/awssdk/identity-spi/2.28.18/identity-spi-2.28.18.jar:/Users/hagarsamimigolan/.m2/repository/software/amazon/awssdk/http-client-spi/2.28.18/http-client-spi-2.28.18.jar:/Users/hagarsamimigolan/.m2/repository/software/amazon/awssdk/regions/2.28.18/regions-2.28.18.jar:/Users/hagarsamimigolan/.m2/repository/software/amazon/awssdk/annotations/2.28.18/annotations-2.28.18.jar:/Users/hagarsamimigolan/.m2/repository/software/amazon/awssdk/utils/2.28.18/utils-2.28.18.jar:/Users/hagarsamimigolan/.m2/repository/software/amazon/awssdk/aws-core/2.28.18/aws-core-2.28.18.jar:/Users/hagarsamimigolan/.m2/repository/software/amazon/awssdk/metrics-spi/2.28.18/metrics-spi-2.28.18.jar:/Users/hagarsamimigolan/.m2/repository/software/amazon/awssdk/json-utils/2.28.18/json-utils-2.28.18.jar:/Users/hagarsamimigolan/.m2/repository/software/amazon/awssdk/third-party-jackson-core/2.28.18/third-party-jackson-core-2.28.18.jar:/Users/hagarsamimigolan/.m2/repository/software/amazon/awssdk/endpoints-spi/2.28.18/endpoints-spi-2.28.18.jar:/Users/hagarsamimigolan/.m2/repository/software/amazon/awssdk/retries-spi/2.28.18/retries-spi-2.28.18.jar:/Users/hagarsamimigolan/.m2/repository/software/amazon/awssdk/apache-client/2.28.18/apache-client-2.28.18.jar:/Users/hagarsamimigolan/.m2/repository/software/amazon/awssdk/netty-nio-client/2.28.18/netty-nio-client-2.28.18.jar:/Users/hagarsamimigolan/.m2/repository/io/netty/netty-codec-http/4.1.112.Final/netty-codec-http-4.1.112.Final.jar:/Users/hagarsamimigolan/.m2/repository/io/netty/netty-codec-http2/4.1.112.Final/netty-codec-http2-4.1.112.Final.jar:/Users/hagarsamimigolan/.m2/repository/io/netty/netty-codec/4.1.112.Final/netty-codec-4.1.112.Final.jar:/Users/hagarsamimigolan/.m2/repository/io/netty/netty-transport/4.1.112.Final/netty-transport-4.1.112.Final.jar:/Users/hagarsamimigolan/.m2/repository/io/netty/netty-common/4.1.112.Final/netty-common-4.1.112.Final.jar:/Users/hagarsamimigolan/.m2/repository/io/netty/netty-buffer/4.1.112.Final/netty-buffer-4.1.112.Final.jar:/Users/hagarsamimigolan/.m2/repository/io/netty/netty-handler/4.1.112.Final/netty-handler-4.1.112.Final.jar:/Users/hagarsamimigolan/.m2/repository/io/netty/netty-transport-native-unix-common/4.1.112.Final/netty-transport-native-unix-common-4.1.112.Final.jar:/Users/hagarsamimigolan/.m2/repository/io/netty/netty-transport-classes-epoll/4.1.112.Final/netty-transport-classes-epoll-4.1.112.Final.jar:/Users/hagarsamimigolan/.m2/repository/io/netty/netty-resolver/4.1.112.Final/netty-resolver-4.1.112.Final.jar:/Users/hagarsamimigolan/.m2/repository/software/amazon/awssdk/s3/2.28.18/s3-2.28.18.jar:/Users/hagarsamimigolan/.m2/repository/software/amazon/awssdk/aws-xml-protocol/2.28.18/aws-xml-protocol-2.28.18.jar:/Users/hagarsamimigolan/.m2/repository/software/amazon/awssdk/arns/2.28.18/arns-2.28.18.jar:/Users/hagarsamimigolan/.m2/repository/software/amazon/awssdk/profiles/2.28.18/profiles-2.28.18.jar:/Users/hagarsamimigolan/.m2/repository/software/amazon/awssdk/crt-core/2.28.18/crt-core-2.28.18.jar:/Users/hagarsamimigolan/.m2/repository/software/amazon/awssdk/checksums/2.28.18/checksums-2.28.18.jar:/Users/hagarsamimigolan/.m2/repository/software/amazon/awssdk/checksums-spi/2.28.18/checksums-spi-2.28.18.jar:/Users/hagarsamimigolan/.m2/repository/software/amazon/awssdk/sqs/2.28.18/sqs-2.28.18.jar:/Users/hagarsamimigolan/.m2/repository/software/amazon/awssdk/aws-json-protocol/2.28.18/aws-json-protocol-2.28.18.jar:/Users/hagarsamimigolan/.m2/repository/org/apache/pdfbox/pdfbox/2.0.19/pdfbox-2.0.19.jar:/Users/hagarsamimigolan/.m2/repository/org/apache/pdfbox/fontbox/2.0.19/fontbox-2.0.19.jar:"/>
    <property name="java.vm.vendor" value="Homebrew"/>
    <property name="sun.arch.data.model" value="64"/>
    <property name="java.vendor.url" value="https://github.com/Homebrew/homebrew-core/issues"/>
    <property name="os.name" value="Mac OS X"/>
    <property name="java.vm.specification.version" value="23"/>
    <property name="sun.java.launcher" value="SUN_STANDARD"/>
    <property name="user.country" value="IL"/>
    <property name="sun.boot.library.path" value="/opt/homebrew/Cellar/openjdk/23.0.1/libexec/openjdk.jdk/Contents/Home/lib"/>
    <property name="sun.java.command" value="/Users/hagarsamimigolan/GitProject/Yuval&amp;Hagar/Worker/target/surefire/surefirebooter-20241205163950508_3.jar /Users/hagarsamimigolan/GitProject/Yuval&amp;Hagar/Worker/target/surefire 2024-12-05T16-39-49_365-jvmRun1 surefire-20241205163950508_1tmp surefire_0-20241205163950508_2tmp"/>
    <property name="jdk.debug" value="release"/>
    <property name="surefire.test.class.path" value="/Users/hagarsamimigolan/GitProject/Yuval&amp;Hagar/Worker/target/test-classes:/Users/hagarsamimigolan/GitProject/Yuval&amp;Hagar/Worker/target/classes:/Users/hagarsamimigolan/.m2/repository/org/apache/httpcomponents/httpclient/4.5.13/httpclient-4.5.13.jar:/Users/hagarsamimigolan/.m2/repository/org/apache/httpcomponents/httpcore/4.4.13/httpcore-4.4.13.jar:/Users/hagarsamimigolan/.m2/repository/commons-logging/commons-logging/1.2/commons-logging-1.2.jar:/Users/hagarsamimigolan/.m2/repository/commons-codec/commons-codec/1.11/commons-codec-1.11.jar:/Users/hagarsamimigolan/.m2/repository/software/amazon/awssdk/ec2/2.28.18/ec2-2.28.18.jar:/Users/hagarsamimigolan/.m2/repository/software/amazon/awssdk/aws-query-protocol/2.28.18/aws-query-protocol-2.28.18.jar:/Users/hagarsamimigolan/.m2/repository/software/amazon/awssdk/protocol-core/2.28.18/protocol-core-2.28.18.jar:/Users/hagarsamimigolan/.m2/repository/software/amazon/awssdk/http-auth-aws/2.28.18/http-auth-aws-2.28.18.jar:/Users/hagarsamimigolan/.m2/repository/software/amazon/awssdk/sdk-core/2.28.18/sdk-core-2.28.18.jar:/Users/hagarsamimigolan/.m2/repository/software/amazon/awssdk/retries/2.28.18/retries-2.28.18.jar:/Users/hagarsamimigolan/.m2/repository/org/slf4j/slf4j-api/1.7.36/slf4j-api-1.7.36.jar:/Users/hagarsamimigolan/.m2/repository/org/reactivestreams/reactive-streams/1.0.4/reactive-streams-1.0.4.jar:/Users/hagarsamimigolan/.m2/repository/software/amazon/awssdk/auth/2.28.18/auth-2.28.18.jar:/Users/hagarsamimigolan/.m2/repository/software/amazon/awssdk/http-auth-aws-eventstream/2.28.18/http-auth-aws-eventstream-2.28.18.jar:/Users/hagarsamimigolan/.m2/repository/software/amazon/eventstream/eventstream/1.0.1/eventstream-1.0.1.jar:/Users/hagarsamimigolan/.m2/repository/software/amazon/awssdk/http-auth-spi/2.28.18/http-auth-spi-2.28.18.jar:/Users/hagarsamimigolan/.m2/repository/software/amazon/awssdk/http-auth/2.28.18/http-auth-2.28.18.jar:/Users/hagarsamimigolan/.m2/repository/software/amazon/awssdk/identity-spi/2.28.18/identity-spi-2.28.18.jar:/Users/hagarsamimigolan/.m2/repository/software/amazon/awssdk/http-client-spi/2.28.18/http-client-spi-2.28.18.jar:/Users/hagarsamimigolan/.m2/repository/software/amazon/awssdk/regions/2.28.18/regions-2.28.18.jar:/Users/hagarsamimigolan/.m2/repository/software/amazon/awssdk/annotations/2.28.18/annotations-2.28.18.jar:/Users/hagarsamimigolan/.m2/repository/software/amazon/awssdk/utils/2.28.18/utils-2.28.18.jar:/Users/hagarsamimigolan/.m2/repository/software/amazon/awssdk/aws-core/2.28.18/aws-core-2.28.18.jar:/Users/hagarsamimigolan/.m2/repository/software/amazon/awssdk/metrics-spi/2.28.18/metrics-spi-2.28.18.jar:/Users/hagarsamimigolan/.m2/repository/software/amazon/awssdk/json-utils/2.28.18/json-utils-2.28.18.jar:/Users/hagarsamimigolan/.m2/repository/software/amazon/awssdk/third-party-jackson-core/2.28.18/third-party-jackson-core-2.28.18.jar:/Users/hagarsamimigolan/.m2/repository/software/amazon/awssdk/endpoints-spi/2.28.18/endpoints-spi-2.28.18.jar:/Users/hagarsamimigolan/.m2/repository/software/amazon/awssdk/retries-spi/2.28.18/retries-spi-2.28.18.jar:/Users/hagarsamimigolan/.m2/repository/software/amazon/awssdk/apache-client/2.28.18/apache-client-2.28.18.jar:/Users/hagarsamimigolan/.m2/repository/software/amazon/awssdk/netty-nio-client/2.28.18/netty-nio-client-2.28.18.jar:/Users/hagarsamimigolan/.m2/repository/io/netty/netty-codec-http/4.1.112.Final/netty-codec-http-4.1.112.Final.jar:/Users/hagarsamimigolan/.m2/repository/io/netty/netty-codec-http2/4.1.112.Final/netty-codec-http2-4.1.112.Final.jar:/Users/hagarsamimigolan/.m2/repository/io/netty/netty-codec/4.1.112.Final/netty-codec-4.1.112.Final.jar:/Users/hagarsamimigolan/.m2/repository/io/netty/netty-transport/4.1.112.Final/netty-transport-4.1.112.Final.jar:/Users/hagarsamimigolan/.m2/repository/io/netty/netty-common/4.1.112.Final/netty-common-4.1.112.Final.jar:/Users/hagarsamimigolan/.m2/repository/io/netty/netty-buffer/4.1.112.Final/netty-buffer-4.1.112.Final.jar:/Users/hagarsamimigolan/.m2/repository/io/netty/netty-handler/4.1.112.Final/netty-handler-4.1.112.Final.jar:/Users/hagarsamimigolan/.m2/repository/io/netty/netty-transport-native-unix-common/4.1.112.Final/netty-transport-native-unix-common-4.1.112.Final.jar:/Users/hagarsamimigolan/.m2/repository/io/netty/netty-transport-classes-epoll/4.1.112.Final/netty-transport-classes-epoll-4.1.112.Final.jar:/Users/hagarsamimigolan/.m2/repository/io/netty/netty-resolver/4.1.112.Final/netty-resolver-4.1.112.Final.jar:/Users/hagarsamimigolan/.m2/repository/software/amazon/awssdk/s3/2.28.18/s3-2.28.18.jar:/Users/hagarsamimigolan/.m2/repository/software/amazon/awssdk/aws-xml-protocol/2.28.18/aws-xml-protocol-2.28.18.jar:/Users/hagarsamimigolan/.m2/repository/software/amazon/awssdk/arns/2.28.18/arns-2.28.18.jar:/Users/hagarsamimigolan/.m2/repository/software/amazon/awssdk/profiles/2.28.18/profiles-2.28.18.jar:/Users/hagarsamimigolan/.m2/repository/software/amazon/awssdk/crt-core/2.28.18/crt-core-2.28.18.jar:/Users/hagarsamimigolan/.m2/repository/software/amazon/awssdk/checksums/2.28.18/checksums-2.28.18.jar:/Users/hagarsamimigolan/.m2/repository/software/amazon/awssdk/checksums-spi/2.28.18/checksums-spi-2.28.18.jar:/Users/hagarsamimigolan/.m2/repository/software/amazon/awssdk/sqs/2.28.18/sqs-2.28.18.jar:/Users/hagarsamimigolan/.m2/repository/software/amazon/awssdk/aws-json-protocol/2.28.18/aws-json-protocol-2.28.18.jar:/Users/hagarsamimigolan/.m2/repository/org/apache/pdfbox/pdfbox/2.0.19/pdfbox-2.0.19.jar:/Users/hagarsamimigolan/.m2/repository/org/apache/pdfbox/fontbox/2.0.19/fontbox-2.0.19.jar:"/>
    <property name="sun.cpu.endian" value="little"/>
    <property name="user.home" value="/Users/hagarsamimigolan"/>
    <property name="user.language" value="en"/>
    <property name="java.specification.vendor" value="Oracle Corporation"/>
    <property name="java.version.date" value="2024-10-15"/>
    <property name="java.home" value="/opt/homebrew/Cellar/openjdk/23.0.1/libexec/openjdk.jdk/Contents/Home"/>
    <property name="file.separator" value="/"/>
    <property name="basedir" value="/Users/hagarsamimigolan/GitProject/Yuval&amp;Hagar/Worker"/>
    <property name="java.vm.compressedOopsMode" value="Zero based"/>
    <property name="line.separator" value="&#10;"/>
    <property name="java.specification.name" value="Java Platform API Specification"/>
    <property name="java.vm.specification.vendor" value="Oracle Corporation"/>
    <property name="apple.awt.application.name" value="ForkedBooter"/>
    <property name="surefire.real.class.path" value="/Users/hagarsamimigolan/GitProject/Yuval&amp;Hagar/Worker/target/surefire/surefirebooter-20241205163950508_3.jar"/>
    <property name="sun.management.compiler" value="HotSpot 64-Bit Tiered Compilers"/>
    <property name="java.runtime.version" value="23.0.1"/>
    <property name="user.name" value="hagarsamimigolan"/>
    <property name="stdout.encoding" value="UTF-8"/>
    <property name="path.separator" value=":"/>
    <property name="os.version" value="15.1.1"/>
    <property name="java.runtime.name" value="OpenJDK Runtime Environment"/>
    <property name="file.encoding" value="UTF-8"/>
    <property name="java.vm.name" value="OpenJDK 64-Bit Server VM"/>
    <property name="java.vendor.version" value="Homebrew"/>
    <property name="localRepository" value="/Users/hagarsamimigolan/.m2/repository"/>
    <property name="java.vendor.url.bug" value="https://github.com/Homebrew/homebrew-core/issues"/>
    <property name="java.io.tmpdir" value="/var/folders/fg/_3r_cvvd723_kcmfh8g7sr8h0000gn/T/"/>
    <property name="java.version" value="23.0.1"/>
    <property name="user.dir" value="/Users/hagarsamimigolan/GitProject/Yuval&amp;Hagar/Worker"/>
    <property name="os.arch" value="aarch64"/>
    <property name="java.vm.specification.name" value="Java Virtual Machine Specification"/>
    <property name="native.encoding" value="UTF-8"/>
    <property name="java.library.path" value="/Users/hagarsamimigolan/Library/Java/Extensions:/Library/Java/Extensions:/Network/Library/Java/Extensions:/System/Library/Java/Extensions:/usr/lib/java:."/>
    <property name="java.vm.info" value="mixed mode, sharing"/>
    <property name="stderr.encoding" value="UTF-8"/>
    <property name="java.vendor" value="Homebrew"/>
    <property name="java.vm.version" value="23.0.1"/>
    <property name="sun.io.unicode.encoding" value="UnicodeBig"/>
    <property name="java.class.version" value="67.0"/>
  </properties>
</testsuite>